<?xml version="1.0" encoding="UTF-8"?>
<!-- Generated by org.testng.reporters.JUnitReportReporter -->
<testsuite hostname="DESKTOP-FD9S5HP" failures="0" tests="1" name="HtmlDriverTest.HtmlUnitTest" time="6.466" errors="0" timestamp="2021-10-04T10:59:29 IST" skipped="0">
  <testcase classname="HtmlDriverTest.HtmlUnitTest" name="sampleTest" time="6.466"/>
  <system-out/>
</testsuite> <!-- HtmlDriverTest.HtmlUnitTest -->
